c:\users\asus\source\c++项目\chatroom\x64\debug\uic\ui_add.h
c:\users\asus\source\c++项目\chatroom\x64\debug\uic\ui_chatroom.h
c:\users\asus\source\c++项目\chatroom\x64\debug\uic\ui_creat_group.h
c:\users\asus\source\c++项目\chatroom\x64\debug\uic\ui_login.h
c:\users\asus\source\c++项目\chatroom\x64\debug\uic\ui_new_contacts.h
c:\users\asus\source\c++项目\chatroom\x64\debug\uic\ui_profile.h
c:\users\asus\source\c++项目\chatroom\x64\debug\uic\ui_register.h
c:\users\asus\source\c++项目\chatroom\x64\debug\rcc\qrc_chatroom.cpp
c:\users\asus\source\c++项目\chatroom\x64\debug\moc\moc_chatroom.cpp
c:\users\asus\source\c++项目\chatroom\x64\debug\moc\moc_login.cpp
c:\users\asus\source\c++项目\chatroom\x64\debug\moc\moc_register.cpp
c:\users\asus\source\c++项目\chatroom\x64\debug\moc\moc_profile.cpp
c:\users\asus\source\c++项目\chatroom\x64\debug\moc\moc_add.cpp
c:\users\asus\source\c++项目\chatroom\x64\debug\moc\moc_new_contacts.cpp
c:\users\asus\source\c++项目\chatroom\x64\debug\moc\moc_creat_group.cpp
c:\users\asus\source\c++项目\chatroom\x64\debug\add.obj
c:\users\asus\source\c++项目\chatroom\x64\debug\creat_group.obj
c:\users\asus\source\c++项目\chatroom\x64\debug\login.obj
c:\users\asus\source\c++项目\chatroom\x64\debug\main.obj
c:\users\asus\source\c++项目\chatroom\x64\debug\new_contacts.obj
c:\users\asus\source\c++项目\chatroom\x64\debug\profile.obj
c:\users\asus\source\c++项目\chatroom\x64\debug\register.obj
c:\users\asus\source\c++项目\chatroom\x64\debug\vc143.pdb
c:\users\asus\source\c++项目\chatroom\x64\debug\chatroom.tlog\chatroom.write.1u.tlog
c:\users\asus\source\c++项目\chatroom\x64\debug\chatroom.tlog\cl.command.1.tlog
c:\users\asus\source\c++项目\chatroom\x64\debug\chatroom.tlog\moc.read.1u.tlog
c:\users\asus\source\c++项目\chatroom\x64\debug\chatroom.tlog\moc.write.1u.tlog
c:\users\asus\source\c++项目\chatroom\x64\debug\chatroom.tlog\rcc.read.1u.tlog
c:\users\asus\source\c++项目\chatroom\x64\debug\chatroom.tlog\rcc.write.1u.tlog
c:\users\asus\source\c++项目\chatroom\x64\debug\chatroom.tlog\uic.read.1u.tlog
c:\users\asus\source\c++项目\chatroom\x64\debug\chatroom.tlog\uic.write.1u.tlog
